<?xml version="1.0" encoding="utf-8"?><testsuites name="pytest tests"><testsuite name="pytest" errors="0" failures="0" skipped="0" tests="9" time="0.832" timestamp="2026-04-19T18:44:22.002874+00:00" hostname="agent-env-f17a69b9-03b6-4768-a5ba-b7d7c89c9e83"><testcase classname="backend.tests.backend_test.TestRootAndHealth" name="test_root" time="0.282" /><testcase classname="backend.tests.backend_test.TestRootAndHealth" name="test_health" time="0.057" /><testcase classname="backend.tests.backend_test.TestContact" name="test_create_contact_valid" time="0.134" /><testcase classname="backend.tests.backend_test.TestContact" name="test_create_contact_minimal_required" time="0.050" /><testcase classname="backend.tests.backend_test.TestContact" name="test_create_contact_invalid_email" time="0.049" /><testcase classname="backend.tests.backend_test.TestContact" name="test_create_contact_missing_name" time="0.049" /><testcase classname="backend.tests.backend_test.TestContact" name="test_create_contact_empty_name" time="0.046" /><testcase classname="backend.tests.backend_test.TestContact" name="test_create_contact_works_without_resend" time="0.046" /><testcase classname="backend.tests.backend_test.TestContact" name="test_list_contacts_no_objectid_leak" time="0.046" /></testsuite></testsuites>